2015-11-21 15:38:56 INFO : org.springframework.web.context.ContextLoader - Root WebApplicationContext: initialization started
2015-11-21 15:38:56 INFO : org.springframework.web.context.support.XmlWebApplicationContext - Refreshing Root WebApplicationContext: startup date [Sat Nov 21 15:38:56 CST 2015]; root of context hierarchy
2015-11-21 15:38:56 INFO : org.springframework.beans.factory.xml.XmlBeanDefinitionReader - Loading XML bean definitions from class path resource [spring-core-config.xml]
2015-11-21 15:38:56 INFO : org.springframework.beans.factory.xml.XmlBeanDefinitionReader - Loading XML bean definitions from class path resource [dbconfig/mybatis-spring-config.xml]
2015-11-21 15:38:57 INFO : org.springframework.beans.factory.config.PropertyPlaceholderConfigurer - Loading properties file from class path resource [dbconfig/dbconfig.properties]
2015-11-21 15:38:57 ERROR: com.alibaba.druid.pool.DruidAbstractDataSource - maxIdle is deprecated
2015-11-21 15:38:57 INFO : com.alibaba.druid.pool.DruidDataSource - {dataSource-1} inited
2015-11-21 15:38:57 INFO : org.springframework.context.support.PostProcessorRegistrationDelegate$BeanPostProcessorChecker - Bean 'dataSource' of type [class com.alibaba.druid.pool.DruidDataSource] is not eligible for getting processed by all BeanPostProcessors (for example: not eligible for auto-proxying)
2015-11-21 15:38:58 INFO : org.springframework.context.support.PostProcessorRegistrationDelegate$BeanPostProcessorChecker - Bean 'sqlSessionFactory' of type [class org.mybatis.spring.SqlSessionFactoryBean] is not eligible for getting processed by all BeanPostProcessors (for example: not eligible for auto-proxying)
2015-11-21 15:38:58 INFO : org.springframework.context.support.PostProcessorRegistrationDelegate$BeanPostProcessorChecker - Bean 'sqlSessionFactory' of type [class org.apache.ibatis.session.defaults.DefaultSqlSessionFactory] is not eligible for getting processed by all BeanPostProcessors (for example: not eligible for auto-proxying)
2015-11-21 15:38:58 INFO : org.springframework.context.support.PostProcessorRegistrationDelegate$BeanPostProcessorChecker - Bean 'sysUserMapper' of type [class org.mybatis.spring.mapper.MapperFactoryBean] is not eligible for getting processed by all BeanPostProcessors (for example: not eligible for auto-proxying)
2015-11-21 15:38:59 INFO : org.springframework.web.context.ContextLoader - Root WebApplicationContext: initialization completed in 2864 ms
2015-11-21 15:38:59 INFO : org.springframework.web.servlet.DispatcherServlet - FrameworkServlet 'spring-servlet': initialization started
2015-11-21 15:38:59 INFO : org.springframework.web.context.support.XmlWebApplicationContext - Refreshing WebApplicationContext for namespace 'spring-servlet-servlet': startup date [Sat Nov 21 15:38:59 CST 2015]; parent: Root WebApplicationContext
2015-11-21 15:38:59 INFO : org.springframework.beans.factory.xml.XmlBeanDefinitionReader - Loading XML bean definitions from class path resource [springconfig/spring-view.xml]
2015-11-21 15:38:59 INFO : org.springframework.beans.factory.xml.XmlBeanDefinitionReader - Loading XML bean definitions from class path resource [springconfig/spring-upload.xml]
2015-11-21 15:39:00 INFO : cn.chinajdt.sys.tasks.DemoSchedule - Demo Task runs successfully...congratulations,Jacky~
2015-11-21 15:39:00 INFO : org.springframework.web.servlet.mvc.method.annotation.RequestMappingHandlerMapping - Mapped "{[/demo/sysuser/index2],methods=[POST]}" onto public java.lang.Object cn.chinajdt.bussiness.demo.controller.SysuserController.index() throws java.lang.Exception
2015-11-21 15:39:00 INFO : org.springframework.web.servlet.mvc.method.annotation.RequestMappingHandlerMapping - Mapped "{[/demo/sysuser/index]}" onto public org.springframework.web.servlet.ModelAndView cn.chinajdt.bussiness.demo.controller.SysuserController.index(javax.servlet.http.HttpServletRequest) throws java.lang.Exception
2015-11-21 15:39:00 INFO : org.springframework.web.servlet.mvc.method.annotation.RequestMappingHandlerMapping - Mapped "{[/demo/sysuser/index3],methods=[POST]}" onto public java.lang.Object cn.chinajdt.bussiness.demo.controller.SysuserController.index3(javax.servlet.http.HttpServletRequest,java.lang.String) throws cn.chinajdt.sys.exception.BsnException
2015-11-21 15:39:01 INFO : org.springframework.web.servlet.mvc.method.annotation.RequestMappingHandlerAdapter - Looking for @ControllerAdvice: WebApplicationContext for namespace 'spring-servlet-servlet': startup date [Sat Nov 21 15:38:59 CST 2015]; parent: Root WebApplicationContext
2015-11-21 15:39:01 INFO : org.springframework.web.servlet.mvc.method.annotation.RequestMappingHandlerAdapter - Looking for @ControllerAdvice: WebApplicationContext for namespace 'spring-servlet-servlet': startup date [Sat Nov 21 15:38:59 CST 2015]; parent: Root WebApplicationContext
2015-11-21 15:39:01 INFO : org.springframework.web.servlet.handler.SimpleUrlHandlerMapping - Mapped URL path [/**] onto handler 'org.springframework.web.servlet.resource.DefaultServletHttpRequestHandler#0'
2015-11-21 15:39:01 INFO : org.springframework.web.servlet.handler.SimpleUrlHandlerMapping - Mapped URL path [/resources/css/] onto handler 'org.springframework.web.servlet.resource.ResourceHttpRequestHandler#0'
2015-11-21 15:39:01 INFO : org.springframework.web.servlet.handler.SimpleUrlHandlerMapping - Mapped URL path [/resources/js/] onto handler 'org.springframework.web.servlet.resource.ResourceHttpRequestHandler#1'
2015-11-21 15:39:01 INFO : org.springframework.web.servlet.mvc.method.annotation.RequestMappingHandlerMapping - Mapped "{[/demo/sysuser/index2],methods=[POST]}" onto public java.lang.Object cn.chinajdt.bussiness.demo.controller.SysuserController.index() throws java.lang.Exception
2015-11-21 15:39:01 INFO : org.springframework.web.servlet.mvc.method.annotation.RequestMappingHandlerMapping - Mapped "{[/demo/sysuser/index]}" onto public org.springframework.web.servlet.ModelAndView cn.chinajdt.bussiness.demo.controller.SysuserController.index(javax.servlet.http.HttpServletRequest) throws java.lang.Exception
2015-11-21 15:39:01 INFO : org.springframework.web.servlet.mvc.method.annotation.RequestMappingHandlerMapping - Mapped "{[/demo/sysuser/index3],methods=[POST]}" onto public java.lang.Object cn.chinajdt.bussiness.demo.controller.SysuserController.index3(javax.servlet.http.HttpServletRequest,java.lang.String) throws cn.chinajdt.sys.exception.BsnException
2015-11-21 15:39:01 INFO : org.springframework.web.servlet.mvc.method.annotation.RequestMappingHandlerAdapter - Looking for @ControllerAdvice: WebApplicationContext for namespace 'spring-servlet-servlet': startup date [Sat Nov 21 15:38:59 CST 2015]; parent: Root WebApplicationContext
2015-11-21 15:39:02 INFO : org.springframework.web.servlet.view.freemarker.FreeMarkerConfigurer - ClassTemplateLoader for Spring macros added to FreeMarker configuration
2015-11-21 15:39:02 INFO : org.springframework.beans.factory.config.PropertiesFactoryBean - Loading properties file from class path resource [freemarkerconfig/freemarkerstatic.properties]
2015-11-21 15:39:02 INFO : org.springframework.web.servlet.DispatcherServlet - FrameworkServlet 'spring-servlet': initialization completed in 2883 ms
2015-11-21 15:39:49 INFO : cn.chinajdt.bussiness.demo.controller.SysuserController - ==================hahaha~~ LOG SUCCESS!!!
2015-11-21 15:44:09 INFO : org.springframework.web.context.ContextLoader - Root WebApplicationContext: initialization started
2015-11-21 15:44:09 INFO : org.springframework.web.context.support.XmlWebApplicationContext - Refreshing Root WebApplicationContext: startup date [Sat Nov 21 15:44:09 CST 2015]; root of context hierarchy
2015-11-21 15:44:09 INFO : org.springframework.beans.factory.xml.XmlBeanDefinitionReader - Loading XML bean definitions from class path resource [spring-core-config.xml]
2015-11-21 15:44:09 INFO : org.springframework.beans.factory.xml.XmlBeanDefinitionReader - Loading XML bean definitions from class path resource [dbconfig/mybatis-spring-config.xml]
2015-11-21 15:44:10 INFO : org.springframework.beans.factory.config.PropertyPlaceholderConfigurer - Loading properties file from class path resource [dbconfig/dbconfig.properties]
2015-11-21 15:44:10 ERROR: com.alibaba.druid.pool.DruidAbstractDataSource - maxIdle is deprecated
2015-11-21 15:44:10 INFO : com.alibaba.druid.pool.DruidDataSource - {dataSource-1} inited
2015-11-21 15:44:10 INFO : org.springframework.context.support.PostProcessorRegistrationDelegate$BeanPostProcessorChecker - Bean 'dataSource' of type [class com.alibaba.druid.pool.DruidDataSource] is not eligible for getting processed by all BeanPostProcessors (for example: not eligible for auto-proxying)
2015-11-21 15:44:11 INFO : org.springframework.context.support.PostProcessorRegistrationDelegate$BeanPostProcessorChecker - Bean 'sqlSessionFactory' of type [class org.mybatis.spring.SqlSessionFactoryBean] is not eligible for getting processed by all BeanPostProcessors (for example: not eligible for auto-proxying)
2015-11-21 15:44:11 INFO : org.springframework.context.support.PostProcessorRegistrationDelegate$BeanPostProcessorChecker - Bean 'sqlSessionFactory' of type [class org.apache.ibatis.session.defaults.DefaultSqlSessionFactory] is not eligible for getting processed by all BeanPostProcessors (for example: not eligible for auto-proxying)
2015-11-21 15:44:11 INFO : org.springframework.context.support.PostProcessorRegistrationDelegate$BeanPostProcessorChecker - Bean 'sysUserMapper' of type [class org.mybatis.spring.mapper.MapperFactoryBean] is not eligible for getting processed by all BeanPostProcessors (for example: not eligible for auto-proxying)
2015-11-21 15:44:11 INFO : org.springframework.web.context.ContextLoader - Root WebApplicationContext: initialization completed in 2195 ms
2015-11-21 15:44:11 INFO : org.springframework.web.servlet.DispatcherServlet - FrameworkServlet 'spring-servlet': initialization started
2015-11-21 15:44:11 INFO : org.springframework.web.context.support.XmlWebApplicationContext - Refreshing WebApplicationContext for namespace 'spring-servlet-servlet': startup date [Sat Nov 21 15:44:11 CST 2015]; parent: Root WebApplicationContext
2015-11-21 15:44:11 INFO : org.springframework.beans.factory.xml.XmlBeanDefinitionReader - Loading XML bean definitions from class path resource [springconfig/spring-view.xml]
2015-11-21 15:44:11 INFO : org.springframework.beans.factory.xml.XmlBeanDefinitionReader - Loading XML bean definitions from class path resource [springconfig/spring-upload.xml]
2015-11-21 15:44:12 INFO : cn.chinajdt.sys.tasks.DemoSchedule - Demo Task runs successfully...congratulations,Jacky~
2015-11-21 15:44:12 INFO : org.springframework.web.servlet.mvc.method.annotation.RequestMappingHandlerMapping - Mapped "{[/demo/sysuser/index]}" onto public org.springframework.web.servlet.ModelAndView cn.chinajdt.bussiness.demo.controller.SysuserController.index(javax.servlet.http.HttpServletRequest) throws java.lang.Exception
2015-11-21 15:44:12 INFO : org.springframework.web.servlet.mvc.method.annotation.RequestMappingHandlerMapping - Mapped "{[/demo/sysuser/index2],methods=[POST]}" onto public java.lang.Object cn.chinajdt.bussiness.demo.controller.SysuserController.doindex() throws java.lang.Exception
2015-11-21 15:44:12 INFO : org.springframework.web.servlet.mvc.method.annotation.RequestMappingHandlerMapping - Mapped "{[/demo/sysuser/index3],methods=[POST]}" onto public java.lang.Object cn.chinajdt.bussiness.demo.controller.SysuserController.index3(javax.servlet.http.HttpServletRequest,java.lang.String) throws cn.chinajdt.sys.exception.BsnException
2015-11-21 15:44:13 INFO : org.springframework.web.servlet.mvc.method.annotation.RequestMappingHandlerAdapter - Looking for @ControllerAdvice: WebApplicationContext for namespace 'spring-servlet-servlet': startup date [Sat Nov 21 15:44:11 CST 2015]; parent: Root WebApplicationContext
2015-11-21 15:44:13 INFO : org.springframework.web.servlet.mvc.method.annotation.RequestMappingHandlerAdapter - Looking for @ControllerAdvice: WebApplicationContext for namespace 'spring-servlet-servlet': startup date [Sat Nov 21 15:44:11 CST 2015]; parent: Root WebApplicationContext
2015-11-21 15:44:13 INFO : org.springframework.web.servlet.handler.SimpleUrlHandlerMapping - Mapped URL path [/**] onto handler 'org.springframework.web.servlet.resource.DefaultServletHttpRequestHandler#0'
2015-11-21 15:44:13 INFO : org.springframework.web.servlet.handler.SimpleUrlHandlerMapping - Mapped URL path [/resources/css/] onto handler 'org.springframework.web.servlet.resource.ResourceHttpRequestHandler#0'
2015-11-21 15:44:13 INFO : org.springframework.web.servlet.handler.SimpleUrlHandlerMapping - Mapped URL path [/resources/js/] onto handler 'org.springframework.web.servlet.resource.ResourceHttpRequestHandler#1'
2015-11-21 15:44:13 INFO : org.springframework.web.servlet.mvc.method.annotation.RequestMappingHandlerMapping - Mapped "{[/demo/sysuser/index]}" onto public org.springframework.web.servlet.ModelAndView cn.chinajdt.bussiness.demo.controller.SysuserController.index(javax.servlet.http.HttpServletRequest) throws java.lang.Exception
2015-11-21 15:44:13 INFO : org.springframework.web.servlet.mvc.method.annotation.RequestMappingHandlerMapping - Mapped "{[/demo/sysuser/index2],methods=[POST]}" onto public java.lang.Object cn.chinajdt.bussiness.demo.controller.SysuserController.doindex() throws java.lang.Exception
2015-11-21 15:44:13 INFO : org.springframework.web.servlet.mvc.method.annotation.RequestMappingHandlerMapping - Mapped "{[/demo/sysuser/index3],methods=[POST]}" onto public java.lang.Object cn.chinajdt.bussiness.demo.controller.SysuserController.index3(javax.servlet.http.HttpServletRequest,java.lang.String) throws cn.chinajdt.sys.exception.BsnException
2015-11-21 15:44:13 INFO : org.springframework.web.servlet.mvc.method.annotation.RequestMappingHandlerAdapter - Looking for @ControllerAdvice: WebApplicationContext for namespace 'spring-servlet-servlet': startup date [Sat Nov 21 15:44:11 CST 2015]; parent: Root WebApplicationContext
2015-11-21 15:44:14 INFO : org.springframework.web.servlet.view.freemarker.FreeMarkerConfigurer - ClassTemplateLoader for Spring macros added to FreeMarker configuration
2015-11-21 15:44:14 INFO : org.springframework.beans.factory.config.PropertiesFactoryBean - Loading properties file from class path resource [freemarkerconfig/freemarkerstatic.properties]
2015-11-21 15:44:14 INFO : org.springframework.web.servlet.DispatcherServlet - FrameworkServlet 'spring-servlet': initialization completed in 2551 ms
2015-11-21 15:45:47 INFO : org.springframework.web.context.ContextLoader - Root WebApplicationContext: initialization started
2015-11-21 15:45:47 INFO : org.springframework.web.context.support.XmlWebApplicationContext - Refreshing Root WebApplicationContext: startup date [Sat Nov 21 15:45:47 CST 2015]; root of context hierarchy
2015-11-21 15:45:47 INFO : org.springframework.beans.factory.xml.XmlBeanDefinitionReader - Loading XML bean definitions from class path resource [spring-core-config.xml]
2015-11-21 15:45:47 INFO : org.springframework.beans.factory.xml.XmlBeanDefinitionReader - Loading XML bean definitions from class path resource [dbconfig/mybatis-spring-config.xml]
2015-11-21 15:45:47 INFO : org.springframework.beans.factory.config.PropertyPlaceholderConfigurer - Loading properties file from class path resource [dbconfig/dbconfig.properties]
2015-11-21 15:45:48 ERROR: com.alibaba.druid.pool.DruidAbstractDataSource - maxIdle is deprecated
2015-11-21 15:45:48 INFO : com.alibaba.druid.pool.DruidDataSource - {dataSource-1} inited
2015-11-21 15:45:48 INFO : org.springframework.context.support.PostProcessorRegistrationDelegate$BeanPostProcessorChecker - Bean 'dataSource' of type [class com.alibaba.druid.pool.DruidDataSource] is not eligible for getting processed by all BeanPostProcessors (for example: not eligible for auto-proxying)
2015-11-21 15:45:48 INFO : org.springframework.context.support.PostProcessorRegistrationDelegate$BeanPostProcessorChecker - Bean 'sqlSessionFactory' of type [class org.mybatis.spring.SqlSessionFactoryBean] is not eligible for getting processed by all BeanPostProcessors (for example: not eligible for auto-proxying)
2015-11-21 15:45:48 INFO : org.springframework.context.support.PostProcessorRegistrationDelegate$BeanPostProcessorChecker - Bean 'sqlSessionFactory' of type [class org.apache.ibatis.session.defaults.DefaultSqlSessionFactory] is not eligible for getting processed by all BeanPostProcessors (for example: not eligible for auto-proxying)
2015-11-21 15:45:48 INFO : org.springframework.context.support.PostProcessorRegistrationDelegate$BeanPostProcessorChecker - Bean 'sysUserMapper' of type [class org.mybatis.spring.mapper.MapperFactoryBean] is not eligible for getting processed by all BeanPostProcessors (for example: not eligible for auto-proxying)
2015-11-21 15:45:49 INFO : org.springframework.web.context.ContextLoader - Root WebApplicationContext: initialization completed in 1993 ms
2015-11-21 15:45:49 INFO : org.springframework.web.servlet.DispatcherServlet - FrameworkServlet 'spring-servlet': initialization started
2015-11-21 15:45:49 INFO : org.springframework.web.context.support.XmlWebApplicationContext - Refreshing WebApplicationContext for namespace 'spring-servlet-servlet': startup date [Sat Nov 21 15:45:49 CST 2015]; parent: Root WebApplicationContext
2015-11-21 15:45:49 INFO : org.springframework.beans.factory.xml.XmlBeanDefinitionReader - Loading XML bean definitions from class path resource [springconfig/spring-view.xml]
2015-11-21 15:45:49 INFO : org.springframework.beans.factory.xml.XmlBeanDefinitionReader - Loading XML bean definitions from class path resource [springconfig/spring-upload.xml]
2015-11-21 15:45:49 INFO : cn.chinajdt.sys.tasks.DemoSchedule - Demo Task runs successfully...congratulations,Jacky~
2015-11-21 15:45:49 INFO : org.springframework.web.servlet.mvc.method.annotation.RequestMappingHandlerMapping - Mapped "{[/demo/sysuser/index]}" onto public org.springframework.web.servlet.ModelAndView cn.chinajdt.bussiness.demo.controller.SysuserController.index(javax.servlet.http.HttpServletRequest) throws java.lang.Exception
2015-11-21 15:45:49 INFO : org.springframework.web.servlet.mvc.method.annotation.RequestMappingHandlerMapping - Mapped "{[/demo/sysuser/index3],methods=[POST]}" onto public java.lang.Object cn.chinajdt.bussiness.demo.controller.SysuserController.index3(javax.servlet.http.HttpServletRequest,java.lang.String) throws cn.chinajdt.sys.exception.BsnException
2015-11-21 15:45:49 INFO : org.springframework.web.servlet.mvc.method.annotation.RequestMappingHandlerMapping - Mapped "{[/demo/sysuser/index2],methods=[POST]}" onto public java.lang.Object cn.chinajdt.bussiness.demo.controller.SysuserController.doindex() throws java.lang.Exception
2015-11-21 15:45:50 INFO : org.springframework.web.servlet.mvc.method.annotation.RequestMappingHandlerAdapter - Looking for @ControllerAdvice: WebApplicationContext for namespace 'spring-servlet-servlet': startup date [Sat Nov 21 15:45:49 CST 2015]; parent: Root WebApplicationContext
2015-11-21 15:45:51 INFO : org.springframework.web.servlet.mvc.method.annotation.RequestMappingHandlerAdapter - Looking for @ControllerAdvice: WebApplicationContext for namespace 'spring-servlet-servlet': startup date [Sat Nov 21 15:45:49 CST 2015]; parent: Root WebApplicationContext
2015-11-21 15:45:51 INFO : org.springframework.web.servlet.handler.SimpleUrlHandlerMapping - Mapped URL path [/**] onto handler 'org.springframework.web.servlet.resource.DefaultServletHttpRequestHandler#0'
2015-11-21 15:45:51 INFO : org.springframework.web.servlet.handler.SimpleUrlHandlerMapping - Mapped URL path [/resources/css/] onto handler 'org.springframework.web.servlet.resource.ResourceHttpRequestHandler#0'
2015-11-21 15:45:51 INFO : org.springframework.web.servlet.handler.SimpleUrlHandlerMapping - Mapped URL path [/resources/js/] onto handler 'org.springframework.web.servlet.resource.ResourceHttpRequestHandler#1'
2015-11-21 15:45:51 INFO : org.springframework.web.servlet.mvc.method.annotation.RequestMappingHandlerMapping - Mapped "{[/demo/sysuser/index]}" onto public org.springframework.web.servlet.ModelAndView cn.chinajdt.bussiness.demo.controller.SysuserController.index(javax.servlet.http.HttpServletRequest) throws java.lang.Exception
2015-11-21 15:45:51 INFO : org.springframework.web.servlet.mvc.method.annotation.RequestMappingHandlerMapping - Mapped "{[/demo/sysuser/index3],methods=[POST]}" onto public java.lang.Object cn.chinajdt.bussiness.demo.controller.SysuserController.index3(javax.servlet.http.HttpServletRequest,java.lang.String) throws cn.chinajdt.sys.exception.BsnException
2015-11-21 15:45:51 INFO : org.springframework.web.servlet.mvc.method.annotation.RequestMappingHandlerMapping - Mapped "{[/demo/sysuser/index2],methods=[POST]}" onto public java.lang.Object cn.chinajdt.bussiness.demo.controller.SysuserController.doindex() throws java.lang.Exception
2015-11-21 15:45:51 INFO : org.springframework.web.servlet.mvc.method.annotation.RequestMappingHandlerAdapter - Looking for @ControllerAdvice: WebApplicationContext for namespace 'spring-servlet-servlet': startup date [Sat Nov 21 15:45:49 CST 2015]; parent: Root WebApplicationContext
2015-11-21 15:45:51 INFO : org.springframework.web.servlet.view.freemarker.FreeMarkerConfigurer - ClassTemplateLoader for Spring macros added to FreeMarker configuration
2015-11-21 15:45:51 INFO : org.springframework.beans.factory.config.PropertiesFactoryBean - Loading properties file from class path resource [freemarkerconfig/freemarkerstatic.properties]
2015-11-21 15:45:51 INFO : org.springframework.web.servlet.DispatcherServlet - FrameworkServlet 'spring-servlet': initialization completed in 2396 ms
2015-11-21 15:46:01 INFO : cn.chinajdt.bussiness.demo.controller.SysuserController - ==================hahaha~~ LOG SUCCESS!!!
2015-11-21 15:46:03 INFO : cn.chinajdt.bussiness.demo.controller.SysuserController - ==================hahaha~~ LOG SUCCESS!!!
2015-11-21 15:46:08 INFO : org.springframework.beans.factory.xml.XmlBeanDefinitionReader - Loading XML bean definitions from class path resource [org/springframework/jdbc/support/sql-error-codes.xml]
2015-11-21 15:46:08 INFO : org.springframework.jdbc.support.SQLErrorCodesFactory - SQLErrorCodes loaded: [DB2, Derby, H2, HSQL, Informix, MS-SQL, MySQL, Oracle, PostgreSQL, Sybase, Hana]
2015-11-21 15:46:54 INFO : cn.chinajdt.bussiness.demo.controller.SysuserController - ==================hahaha~~ LOG SUCCESS!!!
2015-11-21 15:47:21 INFO : cn.chinajdt.bussiness.demo.controller.SysuserController - ==================hahaha~~ LOG SUCCESS!!!
2015-11-21 15:47:25 INFO : cn.chinajdt.bussiness.demo.controller.SysuserController - ==================hahaha~~ LOG SUCCESS!!!
2015-11-21 15:47:48 INFO : cn.chinajdt.bussiness.demo.controller.SysuserController - ==================hahaha~~ LOG SUCCESS!!!
2015-11-21 15:47:52 INFO : cn.chinajdt.bussiness.demo.controller.SysuserController - ==================hahaha~~ LOG SUCCESS!!!
2015-11-21 15:47:54 INFO : cn.chinajdt.bussiness.demo.controller.SysuserController - ==================hahaha~~ LOG SUCCESS!!!
2015-11-21 15:49:59 INFO : org.springframework.web.context.ContextLoader - Root WebApplicationContext: initialization started
2015-11-21 15:49:59 INFO : org.springframework.web.context.support.XmlWebApplicationContext - Refreshing Root WebApplicationContext: startup date [Sat Nov 21 15:49:59 CST 2015]; root of context hierarchy
2015-11-21 15:49:59 INFO : org.springframework.beans.factory.xml.XmlBeanDefinitionReader - Loading XML bean definitions from class path resource [spring-core-config.xml]
2015-11-21 15:50:00 INFO : org.springframework.beans.factory.xml.XmlBeanDefinitionReader - Loading XML bean definitions from class path resource [dbconfig/mybatis-spring-config.xml]
2015-11-21 15:50:00 INFO : org.springframework.beans.factory.config.PropertyPlaceholderConfigurer - Loading properties file from class path resource [dbconfig/dbconfig.properties]
2015-11-21 15:50:00 ERROR: com.alibaba.druid.pool.DruidAbstractDataSource - maxIdle is deprecated
2015-11-21 15:50:00 INFO : com.alibaba.druid.pool.DruidDataSource - {dataSource-1} inited
2015-11-21 15:50:00 INFO : org.springframework.context.support.PostProcessorRegistrationDelegate$BeanPostProcessorChecker - Bean 'dataSource' of type [class com.alibaba.druid.pool.DruidDataSource] is not eligible for getting processed by all BeanPostProcessors (for example: not eligible for auto-proxying)
2015-11-21 15:50:01 INFO : org.springframework.context.support.PostProcessorRegistrationDelegate$BeanPostProcessorChecker - Bean 'sqlSessionFactory' of type [class org.mybatis.spring.SqlSessionFactoryBean] is not eligible for getting processed by all BeanPostProcessors (for example: not eligible for auto-proxying)
2015-11-21 15:50:01 INFO : org.springframework.context.support.PostProcessorRegistrationDelegate$BeanPostProcessorChecker - Bean 'sqlSessionFactory' of type [class org.apache.ibatis.session.defaults.DefaultSqlSessionFactory] is not eligible for getting processed by all BeanPostProcessors (for example: not eligible for auto-proxying)
2015-11-21 15:50:01 INFO : org.springframework.context.support.PostProcessorRegistrationDelegate$BeanPostProcessorChecker - Bean 'sysUserMapper' of type [class org.mybatis.spring.mapper.MapperFactoryBean] is not eligible for getting processed by all BeanPostProcessors (for example: not eligible for auto-proxying)
2015-11-21 15:50:01 INFO : org.springframework.web.context.ContextLoader - Root WebApplicationContext: initialization completed in 2041 ms
2015-11-21 15:50:01 INFO : org.springframework.web.servlet.DispatcherServlet - FrameworkServlet 'spring-servlet': initialization started
2015-11-21 15:50:01 INFO : org.springframework.web.context.support.XmlWebApplicationContext - Refreshing WebApplicationContext for namespace 'spring-servlet-servlet': startup date [Sat Nov 21 15:50:01 CST 2015]; parent: Root WebApplicationContext
2015-11-21 15:50:01 INFO : org.springframework.beans.factory.xml.XmlBeanDefinitionReader - Loading XML bean definitions from class path resource [springconfig/spring-view.xml]
2015-11-21 15:50:02 INFO : org.springframework.beans.factory.xml.XmlBeanDefinitionReader - Loading XML bean definitions from class path resource [springconfig/spring-upload.xml]
2015-11-21 15:50:02 INFO : cn.chinajdt.sys.tasks.DemoSchedule - Demo Task runs successfully...congratulations,Jacky~
2015-11-21 15:50:02 INFO : org.springframework.web.servlet.mvc.method.annotation.RequestMappingHandlerMapping - Mapped "{[/demo/sysuser/index]}" onto public org.springframework.web.servlet.ModelAndView cn.chinajdt.bussiness.demo.controller.SysuserController.index(javax.servlet.http.HttpServletRequest) throws java.lang.Exception
2015-11-21 15:50:02 INFO : org.springframework.web.servlet.mvc.method.annotation.RequestMappingHandlerMapping - Mapped "{[/demo/sysuser/index2],methods=[POST]}" onto public java.lang.Object cn.chinajdt.bussiness.demo.controller.SysuserController.doindex() throws java.lang.Exception
2015-11-21 15:50:02 INFO : org.springframework.web.servlet.mvc.method.annotation.RequestMappingHandlerMapping - Mapped "{[/demo/sysuser/index3],methods=[POST]}" onto public java.lang.Object cn.chinajdt.bussiness.demo.controller.SysuserController.index3(javax.servlet.http.HttpServletRequest,java.lang.String) throws cn.chinajdt.sys.exception.BsnException
2015-11-21 15:50:03 INFO : org.springframework.web.servlet.mvc.method.annotation.RequestMappingHandlerAdapter - Looking for @ControllerAdvice: WebApplicationContext for namespace 'spring-servlet-servlet': startup date [Sat Nov 21 15:50:01 CST 2015]; parent: Root WebApplicationContext
2015-11-21 15:50:03 INFO : org.springframework.web.servlet.mvc.method.annotation.RequestMappingHandlerAdapter - Looking for @ControllerAdvice: WebApplicationContext for namespace 'spring-servlet-servlet': startup date [Sat Nov 21 15:50:01 CST 2015]; parent: Root WebApplicationContext
2015-11-21 15:50:04 INFO : org.springframework.web.servlet.handler.SimpleUrlHandlerMapping - Mapped URL path [/**] onto handler 'org.springframework.web.servlet.resource.DefaultServletHttpRequestHandler#0'
2015-11-21 15:50:04 INFO : org.springframework.web.servlet.handler.SimpleUrlHandlerMapping - Mapped URL path [/resources/css/] onto handler 'org.springframework.web.servlet.resource.ResourceHttpRequestHandler#0'
2015-11-21 15:50:04 INFO : org.springframework.web.servlet.handler.SimpleUrlHandlerMapping - Mapped URL path [/resources/js/] onto handler 'org.springframework.web.servlet.resource.ResourceHttpRequestHandler#1'
2015-11-21 15:50:04 INFO : org.springframework.web.servlet.mvc.method.annotation.RequestMappingHandlerMapping - Mapped "{[/demo/sysuser/index]}" onto public org.springframework.web.servlet.ModelAndView cn.chinajdt.bussiness.demo.controller.SysuserController.index(javax.servlet.http.HttpServletRequest) throws java.lang.Exception
2015-11-21 15:50:04 INFO : org.springframework.web.servlet.mvc.method.annotation.RequestMappingHandlerMapping - Mapped "{[/demo/sysuser/index2],methods=[POST]}" onto public java.lang.Object cn.chinajdt.bussiness.demo.controller.SysuserController.doindex() throws java.lang.Exception
2015-11-21 15:50:04 INFO : org.springframework.web.servlet.mvc.method.annotation.RequestMappingHandlerMapping - Mapped "{[/demo/sysuser/index3],methods=[POST]}" onto public java.lang.Object cn.chinajdt.bussiness.demo.controller.SysuserController.index3(javax.servlet.http.HttpServletRequest,java.lang.String) throws cn.chinajdt.sys.exception.BsnException
2015-11-21 15:50:04 INFO : org.springframework.web.servlet.mvc.method.annotation.RequestMappingHandlerAdapter - Looking for @ControllerAdvice: WebApplicationContext for namespace 'spring-servlet-servlet': startup date [Sat Nov 21 15:50:01 CST 2015]; parent: Root WebApplicationContext
2015-11-21 15:50:04 INFO : org.springframework.web.servlet.view.freemarker.FreeMarkerConfigurer - ClassTemplateLoader for Spring macros added to FreeMarker configuration
2015-11-21 15:50:04 INFO : org.springframework.beans.factory.config.PropertiesFactoryBean - Loading properties file from class path resource [freemarkerconfig/freemarkerstatic.properties]
2015-11-21 15:50:04 INFO : org.springframework.web.servlet.DispatcherServlet - FrameworkServlet 'spring-servlet': initialization completed in 2579 ms
2015-11-21 15:50:17 INFO : cn.chinajdt.bussiness.demo.controller.SysuserController - ==================hahaha~~ LOG SUCCESS!!!
2015-11-21 15:50:21 INFO : org.springframework.beans.factory.xml.XmlBeanDefinitionReader - Loading XML bean definitions from class path resource [org/springframework/jdbc/support/sql-error-codes.xml]
2015-11-21 15:50:21 INFO : org.springframework.jdbc.support.SQLErrorCodesFactory - SQLErrorCodes loaded: [DB2, Derby, H2, HSQL, Informix, MS-SQL, MySQL, Oracle, PostgreSQL, Sybase, Hana]
2015-11-21 15:53:05 INFO : org.springframework.web.context.ContextLoader - Root WebApplicationContext: initialization started
2015-11-21 15:53:05 INFO : org.springframework.web.context.support.XmlWebApplicationContext - Refreshing Root WebApplicationContext: startup date [Sat Nov 21 15:53:05 CST 2015]; root of context hierarchy
2015-11-21 15:53:05 INFO : org.springframework.beans.factory.xml.XmlBeanDefinitionReader - Loading XML bean definitions from class path resource [spring-core-config.xml]
2015-11-21 15:53:06 INFO : org.springframework.beans.factory.xml.XmlBeanDefinitionReader - Loading XML bean definitions from class path resource [dbconfig/mybatis-spring-config.xml]
2015-11-21 15:53:06 INFO : org.springframework.beans.factory.config.PropertyPlaceholderConfigurer - Loading properties file from class path resource [dbconfig/dbconfig.properties]
2015-11-21 15:53:06 ERROR: com.alibaba.druid.pool.DruidAbstractDataSource - maxIdle is deprecated
2015-11-21 15:53:06 INFO : com.alibaba.druid.pool.DruidDataSource - {dataSource-1} inited
2015-11-21 15:53:06 INFO : org.springframework.context.support.PostProcessorRegistrationDelegate$BeanPostProcessorChecker - Bean 'dataSource' of type [class com.alibaba.druid.pool.DruidDataSource] is not eligible for getting processed by all BeanPostProcessors (for example: not eligible for auto-proxying)
2015-11-21 15:53:07 INFO : org.springframework.context.support.PostProcessorRegistrationDelegate$BeanPostProcessorChecker - Bean 'sqlSessionFactory' of type [class org.mybatis.spring.SqlSessionFactoryBean] is not eligible for getting processed by all BeanPostProcessors (for example: not eligible for auto-proxying)
2015-11-21 15:53:07 INFO : org.springframework.context.support.PostProcessorRegistrationDelegate$BeanPostProcessorChecker - Bean 'sqlSessionFactory' of type [class org.apache.ibatis.session.defaults.DefaultSqlSessionFactory] is not eligible for getting processed by all BeanPostProcessors (for example: not eligible for auto-proxying)
2015-11-21 15:53:07 INFO : org.springframework.context.support.PostProcessorRegistrationDelegate$BeanPostProcessorChecker - Bean 'sysUserMapper' of type [class org.mybatis.spring.mapper.MapperFactoryBean] is not eligible for getting processed by all BeanPostProcessors (for example: not eligible for auto-proxying)
2015-11-21 15:53:07 INFO : org.springframework.web.context.ContextLoader - Root WebApplicationContext: initialization completed in 2187 ms
2015-11-21 15:53:07 INFO : org.springframework.web.servlet.DispatcherServlet - FrameworkServlet 'spring-servlet': initialization started
2015-11-21 15:53:07 INFO : org.springframework.web.context.support.XmlWebApplicationContext - Refreshing WebApplicationContext for namespace 'spring-servlet-servlet': startup date [Sat Nov 21 15:53:07 CST 2015]; parent: Root WebApplicationContext
2015-11-21 15:53:08 INFO : org.springframework.beans.factory.xml.XmlBeanDefinitionReader - Loading XML bean definitions from class path resource [springconfig/spring-view.xml]
2015-11-21 15:53:08 INFO : org.springframework.beans.factory.xml.XmlBeanDefinitionReader - Loading XML bean definitions from class path resource [springconfig/spring-upload.xml]
2015-11-21 15:53:08 INFO : cn.chinajdt.sys.tasks.DemoSchedule - Demo Task runs successfully...congratulations,Jacky~
2015-11-21 15:53:08 INFO : org.springframework.web.servlet.mvc.method.annotation.RequestMappingHandlerMapping - Mapped "{[/demo/sysuser/index]}" onto public org.springframework.web.servlet.ModelAndView cn.chinajdt.bussiness.demo.controller.SysuserController.index(javax.servlet.http.HttpServletRequest) throws java.lang.Exception
2015-11-21 15:53:08 INFO : org.springframework.web.servlet.mvc.method.annotation.RequestMappingHandlerMapping - Mapped "{[/demo/sysuser/index2],methods=[POST]}" onto public java.lang.Object cn.chinajdt.bussiness.demo.controller.SysuserController.doindex() throws java.lang.Exception
2015-11-21 15:53:08 INFO : org.springframework.web.servlet.mvc.method.annotation.RequestMappingHandlerMapping - Mapped "{[/demo/sysuser/index3],methods=[POST]}" onto public java.lang.Object cn.chinajdt.bussiness.demo.controller.SysuserController.index3(javax.servlet.http.HttpServletRequest,java.lang.String) throws cn.chinajdt.sys.exception.BsnException
2015-11-21 15:53:09 INFO : org.springframework.web.servlet.mvc.method.annotation.RequestMappingHandlerAdapter - Looking for @ControllerAdvice: WebApplicationContext for namespace 'spring-servlet-servlet': startup date [Sat Nov 21 15:53:07 CST 2015]; parent: Root WebApplicationContext
2015-11-21 15:53:09 INFO : org.springframework.web.servlet.mvc.method.annotation.RequestMappingHandlerAdapter - Looking for @ControllerAdvice: WebApplicationContext for namespace 'spring-servlet-servlet': startup date [Sat Nov 21 15:53:07 CST 2015]; parent: Root WebApplicationContext
2015-11-21 15:53:10 INFO : org.springframework.web.servlet.handler.SimpleUrlHandlerMapping - Mapped URL path [/**] onto handler 'org.springframework.web.servlet.resource.DefaultServletHttpRequestHandler#0'
2015-11-21 15:53:10 INFO : org.springframework.web.servlet.handler.SimpleUrlHandlerMapping - Mapped URL path [/resources/css/] onto handler 'org.springframework.web.servlet.resource.ResourceHttpRequestHandler#0'
2015-11-21 15:53:10 INFO : org.springframework.web.servlet.handler.SimpleUrlHandlerMapping - Mapped URL path [/resources/js/] onto handler 'org.springframework.web.servlet.resource.ResourceHttpRequestHandler#1'
2015-11-21 15:53:10 INFO : org.springframework.web.servlet.mvc.method.annotation.RequestMappingHandlerMapping - Mapped "{[/demo/sysuser/index]}" onto public org.springframework.web.servlet.ModelAndView cn.chinajdt.bussiness.demo.controller.SysuserController.index(javax.servlet.http.HttpServletRequest) throws java.lang.Exception
2015-11-21 15:53:10 INFO : org.springframework.web.servlet.mvc.method.annotation.RequestMappingHandlerMapping - Mapped "{[/demo/sysuser/index2],methods=[POST]}" onto public java.lang.Object cn.chinajdt.bussiness.demo.controller.SysuserController.doindex() throws java.lang.Exception
2015-11-21 15:53:10 INFO : org.springframework.web.servlet.mvc.method.annotation.RequestMappingHandlerMapping - Mapped "{[/demo/sysuser/index3],methods=[POST]}" onto public java.lang.Object cn.chinajdt.bussiness.demo.controller.SysuserController.index3(javax.servlet.http.HttpServletRequest,java.lang.String) throws cn.chinajdt.sys.exception.BsnException
2015-11-21 15:53:10 INFO : org.springframework.web.servlet.mvc.method.annotation.RequestMappingHandlerAdapter - Looking for @ControllerAdvice: WebApplicationContext for namespace 'spring-servlet-servlet': startup date [Sat Nov 21 15:53:07 CST 2015]; parent: Root WebApplicationContext
2015-11-21 15:53:10 INFO : org.springframework.web.servlet.view.freemarker.FreeMarkerConfigurer - ClassTemplateLoader for Spring macros added to FreeMarker configuration
2015-11-21 15:53:10 INFO : org.springframework.beans.factory.config.PropertiesFactoryBean - Loading properties file from class path resource [freemarkerconfig/freemarkerstatic.properties]
2015-11-21 15:53:10 INFO : org.springframework.web.servlet.DispatcherServlet - FrameworkServlet 'spring-servlet': initialization completed in 2469 ms
2015-11-21 15:53:42 INFO : org.springframework.beans.factory.xml.XmlBeanDefinitionReader - Loading XML bean definitions from class path resource [org/springframework/jdbc/support/sql-error-codes.xml]
2015-11-21 15:53:42 INFO : org.springframework.jdbc.support.SQLErrorCodesFactory - SQLErrorCodes loaded: [DB2, Derby, H2, HSQL, Informix, MS-SQL, MySQL, Oracle, PostgreSQL, Sybase, Hana]
2015-11-21 15:56:49 INFO : org.springframework.web.context.ContextLoader - Root WebApplicationContext: initialization started
2015-11-21 15:56:49 INFO : org.springframework.web.context.support.XmlWebApplicationContext - Refreshing Root WebApplicationContext: startup date [Sat Nov 21 15:56:49 CST 2015]; root of context hierarchy
2015-11-21 15:56:49 INFO : org.springframework.beans.factory.xml.XmlBeanDefinitionReader - Loading XML bean definitions from class path resource [spring-core-config.xml]
2015-11-21 15:56:50 INFO : org.springframework.beans.factory.xml.XmlBeanDefinitionReader - Loading XML bean definitions from class path resource [dbconfig/mybatis-spring-config.xml]
2015-11-21 15:56:50 INFO : org.springframework.beans.factory.config.PropertyPlaceholderConfigurer - Loading properties file from class path resource [dbconfig/dbconfig.properties]
2015-11-21 15:56:50 ERROR: com.alibaba.druid.pool.DruidAbstractDataSource - maxIdle is deprecated
2015-11-21 15:56:50 INFO : com.alibaba.druid.pool.DruidDataSource - {dataSource-1} inited
2015-11-21 15:56:50 INFO : org.springframework.context.support.PostProcessorRegistrationDelegate$BeanPostProcessorChecker - Bean 'dataSource' of type [class com.alibaba.druid.pool.DruidDataSource] is not eligible for getting processed by all BeanPostProcessors (for example: not eligible for auto-proxying)
2015-11-21 15:56:51 INFO : org.springframework.context.support.PostProcessorRegistrationDelegate$BeanPostProcessorChecker - Bean 'sqlSessionFactory' of type [class org.mybatis.spring.SqlSessionFactoryBean] is not eligible for getting processed by all BeanPostProcessors (for example: not eligible for auto-proxying)
2015-11-21 15:56:51 INFO : org.springframework.context.support.PostProcessorRegistrationDelegate$BeanPostProcessorChecker - Bean 'sqlSessionFactory' of type [class org.apache.ibatis.session.defaults.DefaultSqlSessionFactory] is not eligible for getting processed by all BeanPostProcessors (for example: not eligible for auto-proxying)
2015-11-21 15:56:51 INFO : org.springframework.context.support.PostProcessorRegistrationDelegate$BeanPostProcessorChecker - Bean 'sysUserMapper' of type [class org.mybatis.spring.mapper.MapperFactoryBean] is not eligible for getting processed by all BeanPostProcessors (for example: not eligible for auto-proxying)
2015-11-21 15:56:51 INFO : org.springframework.web.context.ContextLoader - Root WebApplicationContext: initialization completed in 2031 ms
2015-11-21 15:56:51 INFO : org.springframework.web.servlet.DispatcherServlet - FrameworkServlet 'spring-servlet': initialization started
2015-11-21 15:56:51 INFO : org.springframework.web.context.support.XmlWebApplicationContext - Refreshing WebApplicationContext for namespace 'spring-servlet-servlet': startup date [Sat Nov 21 15:56:51 CST 2015]; parent: Root WebApplicationContext
2015-11-21 15:56:51 INFO : org.springframework.beans.factory.xml.XmlBeanDefinitionReader - Loading XML bean definitions from class path resource [springconfig/spring-view.xml]
2015-11-21 15:56:51 INFO : org.springframework.beans.factory.xml.XmlBeanDefinitionReader - Loading XML bean definitions from class path resource [springconfig/spring-upload.xml]
2015-11-21 15:56:52 INFO : cn.chinajdt.sys.tasks.DemoSchedule - Demo Task runs successfully...congratulations,Jacky~
2015-11-21 15:56:52 INFO : org.springframework.web.servlet.mvc.method.annotation.RequestMappingHandlerMapping - Mapped "{[/demo/sysuser/index]}" onto public org.springframework.web.servlet.ModelAndView cn.chinajdt.bussiness.demo.controller.SysuserController.index(javax.servlet.http.HttpServletRequest) throws java.lang.Exception
2015-11-21 15:56:52 INFO : org.springframework.web.servlet.mvc.method.annotation.RequestMappingHandlerMapping - Mapped "{[/demo/sysuser/index3],methods=[POST]}" onto public java.lang.Object cn.chinajdt.bussiness.demo.controller.SysuserController.index3(javax.servlet.http.HttpServletRequest,java.lang.String) throws cn.chinajdt.sys.exception.BsnException
2015-11-21 15:56:52 INFO : org.springframework.web.servlet.mvc.method.annotation.RequestMappingHandlerMapping - Mapped "{[/demo/sysuser/index2],methods=[POST]}" onto public java.lang.Object cn.chinajdt.bussiness.demo.controller.SysuserController.doindex() throws java.lang.Exception
2015-11-21 15:56:53 INFO : org.springframework.web.servlet.mvc.method.annotation.RequestMappingHandlerAdapter - Looking for @ControllerAdvice: WebApplicationContext for namespace 'spring-servlet-servlet': startup date [Sat Nov 21 15:56:51 CST 2015]; parent: Root WebApplicationContext
2015-11-21 15:56:53 INFO : org.springframework.web.servlet.mvc.method.annotation.RequestMappingHandlerAdapter - Looking for @ControllerAdvice: WebApplicationContext for namespace 'spring-servlet-servlet': startup date [Sat Nov 21 15:56:51 CST 2015]; parent: Root WebApplicationContext
2015-11-21 15:56:53 INFO : org.springframework.web.servlet.handler.SimpleUrlHandlerMapping - Mapped URL path [/**] onto handler 'org.springframework.web.servlet.resource.DefaultServletHttpRequestHandler#0'
2015-11-21 15:56:53 INFO : org.springframework.web.servlet.handler.SimpleUrlHandlerMapping - Mapped URL path [/resources/css/] onto handler 'org.springframework.web.servlet.resource.ResourceHttpRequestHandler#0'
2015-11-21 15:56:53 INFO : org.springframework.web.servlet.handler.SimpleUrlHandlerMapping - Mapped URL path [/resources/js/] onto handler 'org.springframework.web.servlet.resource.ResourceHttpRequestHandler#1'
2015-11-21 15:56:53 INFO : org.springframework.web.servlet.mvc.method.annotation.RequestMappingHandlerMapping - Mapped "{[/demo/sysuser/index]}" onto public org.springframework.web.servlet.ModelAndView cn.chinajdt.bussiness.demo.controller.SysuserController.index(javax.servlet.http.HttpServletRequest) throws java.lang.Exception
2015-11-21 15:56:53 INFO : org.springframework.web.servlet.mvc.method.annotation.RequestMappingHandlerMapping - Mapped "{[/demo/sysuser/index3],methods=[POST]}" onto public java.lang.Object cn.chinajdt.bussiness.demo.controller.SysuserController.index3(javax.servlet.http.HttpServletRequest,java.lang.String) throws cn.chinajdt.sys.exception.BsnException
2015-11-21 15:56:53 INFO : org.springframework.web.servlet.mvc.method.annotation.RequestMappingHandlerMapping - Mapped "{[/demo/sysuser/index2],methods=[POST]}" onto public java.lang.Object cn.chinajdt.bussiness.demo.controller.SysuserController.doindex() throws java.lang.Exception
2015-11-21 15:56:53 INFO : org.springframework.web.servlet.mvc.method.annotation.RequestMappingHandlerAdapter - Looking for @ControllerAdvice: WebApplicationContext for namespace 'spring-servlet-servlet': startup date [Sat Nov 21 15:56:51 CST 2015]; parent: Root WebApplicationContext
2015-11-21 15:56:54 INFO : org.springframework.web.servlet.view.freemarker.FreeMarkerConfigurer - ClassTemplateLoader for Spring macros added to FreeMarker configuration
2015-11-21 15:56:54 INFO : org.springframework.beans.factory.config.PropertiesFactoryBean - Loading properties file from class path resource [freemarkerconfig/freemarkerstatic.properties]
2015-11-21 15:56:54 INFO : org.springframework.web.servlet.DispatcherServlet - FrameworkServlet 'spring-servlet': initialization completed in 2390 ms
2015-11-21 15:59:09 INFO : cn.chinajdt.bussiness.demo.controller.SysuserController - ==================hahaha~~ LOG SUCCESS!!!
2015-11-21 16:01:38 INFO : org.springframework.web.context.ContextLoader - Root WebApplicationContext: initialization started
2015-11-21 16:01:38 INFO : org.springframework.web.context.support.XmlWebApplicationContext - Refreshing Root WebApplicationContext: startup date [Sat Nov 21 16:01:38 CST 2015]; root of context hierarchy
2015-11-21 16:01:38 INFO : org.springframework.beans.factory.xml.XmlBeanDefinitionReader - Loading XML bean definitions from class path resource [spring-core-config.xml]
2015-11-21 16:01:38 INFO : org.springframework.beans.factory.xml.XmlBeanDefinitionReader - Loading XML bean definitions from class path resource [dbconfig/mybatis-spring-config.xml]
2015-11-21 16:01:39 INFO : org.springframework.beans.factory.config.PropertyPlaceholderConfigurer - Loading properties file from class path resource [dbconfig/dbconfig.properties]
2015-11-21 16:01:39 ERROR: com.alibaba.druid.pool.DruidAbstractDataSource - maxIdle is deprecated
2015-11-21 16:01:39 INFO : com.alibaba.druid.pool.DruidDataSource - {dataSource-1} inited
2015-11-21 16:01:39 INFO : org.springframework.context.support.PostProcessorRegistrationDelegate$BeanPostProcessorChecker - Bean 'dataSource' of type [class com.alibaba.druid.pool.DruidDataSource] is not eligible for getting processed by all BeanPostProcessors (for example: not eligible for auto-proxying)
2015-11-21 16:01:39 INFO : org.springframework.context.support.PostProcessorRegistrationDelegate$BeanPostProcessorChecker - Bean 'sqlSessionFactory' of type [class org.mybatis.spring.SqlSessionFactoryBean] is not eligible for getting processed by all BeanPostProcessors (for example: not eligible for auto-proxying)
2015-11-21 16:01:39 INFO : org.springframework.context.support.PostProcessorRegistrationDelegate$BeanPostProcessorChecker - Bean 'sqlSessionFactory' of type [class org.apache.ibatis.session.defaults.DefaultSqlSessionFactory] is not eligible for getting processed by all BeanPostProcessors (for example: not eligible for auto-proxying)
2015-11-21 16:01:39 INFO : org.springframework.context.support.PostProcessorRegistrationDelegate$BeanPostProcessorChecker - Bean 'sysUserMapper' of type [class org.mybatis.spring.mapper.MapperFactoryBean] is not eligible for getting processed by all BeanPostProcessors (for example: not eligible for auto-proxying)
2015-11-21 16:01:40 INFO : org.springframework.web.context.ContextLoader - Root WebApplicationContext: initialization completed in 1970 ms
2015-11-21 16:01:40 INFO : org.springframework.web.servlet.DispatcherServlet - FrameworkServlet 'spring-servlet': initialization started
2015-11-21 16:01:40 INFO : org.springframework.web.context.support.XmlWebApplicationContext - Refreshing WebApplicationContext for namespace 'spring-servlet-servlet': startup date [Sat Nov 21 16:01:40 CST 2015]; parent: Root WebApplicationContext
2015-11-21 16:01:40 INFO : org.springframework.beans.factory.xml.XmlBeanDefinitionReader - Loading XML bean definitions from class path resource [springconfig/spring-view.xml]
2015-11-21 16:01:40 INFO : org.springframework.beans.factory.xml.XmlBeanDefinitionReader - Loading XML bean definitions from class path resource [springconfig/spring-upload.xml]
2015-11-21 16:01:41 INFO : cn.chinajdt.sys.tasks.DemoSchedule - Demo Task runs successfully...congratulations,Jacky~
2015-11-21 16:01:41 INFO : org.springframework.web.servlet.mvc.method.annotation.RequestMappingHandlerMapping - Mapped "{[/demo/sysuser/index]}" onto public org.springframework.web.servlet.ModelAndView cn.chinajdt.bussiness.demo.controller.SysuserController.index(javax.servlet.http.HttpServletRequest) throws java.lang.Exception
2015-11-21 16:01:41 INFO : org.springframework.web.servlet.mvc.method.annotation.RequestMappingHandlerMapping - Mapped "{[/demo/sysuser/index3],methods=[POST]}" onto public java.lang.Object cn.chinajdt.bussiness.demo.controller.SysuserController.index3(javax.servlet.http.HttpServletRequest,java.lang.String) throws cn.chinajdt.sys.exception.BsnException
2015-11-21 16:01:41 INFO : org.springframework.web.servlet.mvc.method.annotation.RequestMappingHandlerMapping - Mapped "{[/demo/sysuser/index2],methods=[POST]}" onto public java.lang.Object cn.chinajdt.bussiness.demo.controller.SysuserController.doindex() throws java.lang.Exception
2015-11-21 16:01:42 INFO : org.springframework.web.servlet.mvc.method.annotation.RequestMappingHandlerAdapter - Looking for @ControllerAdvice: WebApplicationContext for namespace 'spring-servlet-servlet': startup date [Sat Nov 21 16:01:40 CST 2015]; parent: Root WebApplicationContext
2015-11-21 16:01:42 INFO : org.springframework.web.servlet.mvc.method.annotation.RequestMappingHandlerAdapter - Looking for @ControllerAdvice: WebApplicationContext for namespace 'spring-servlet-servlet': startup date [Sat Nov 21 16:01:40 CST 2015]; parent: Root WebApplicationContext
2015-11-21 16:01:42 INFO : org.springframework.web.servlet.handler.SimpleUrlHandlerMapping - Mapped URL path [/**] onto handler 'org.springframework.web.servlet.resource.DefaultServletHttpRequestHandler#0'
2015-11-21 16:01:42 INFO : org.springframework.web.servlet.handler.SimpleUrlHandlerMapping - Mapped URL path [/resources/css/] onto handler 'org.springframework.web.servlet.resource.ResourceHttpRequestHandler#0'
2015-11-21 16:01:42 INFO : org.springframework.web.servlet.handler.SimpleUrlHandlerMapping - Mapped URL path [/resources/js/] onto handler 'org.springframework.web.servlet.resource.ResourceHttpRequestHandler#1'
2015-11-21 16:01:42 INFO : org.springframework.web.servlet.mvc.method.annotation.RequestMappingHandlerMapping - Mapped "{[/demo/sysuser/index]}" onto public org.springframework.web.servlet.ModelAndView cn.chinajdt.bussiness.demo.controller.SysuserController.index(javax.servlet.http.HttpServletRequest) throws java.lang.Exception
2015-11-21 16:01:42 INFO : org.springframework.web.servlet.mvc.method.annotation.RequestMappingHandlerMapping - Mapped "{[/demo/sysuser/index3],methods=[POST]}" onto public java.lang.Object cn.chinajdt.bussiness.demo.controller.SysuserController.index3(javax.servlet.http.HttpServletRequest,java.lang.String) throws cn.chinajdt.sys.exception.BsnException
2015-11-21 16:01:42 INFO : org.springframework.web.servlet.mvc.method.annotation.RequestMappingHandlerMapping - Mapped "{[/demo/sysuser/index2],methods=[POST]}" onto public java.lang.Object cn.chinajdt.bussiness.demo.controller.SysuserController.doindex() throws java.lang.Exception
2015-11-21 16:01:42 INFO : org.springframework.web.servlet.mvc.method.annotation.RequestMappingHandlerAdapter - Looking for @ControllerAdvice: WebApplicationContext for namespace 'spring-servlet-servlet': startup date [Sat Nov 21 16:01:40 CST 2015]; parent: Root WebApplicationContext
2015-11-21 16:01:43 INFO : org.springframework.web.servlet.view.freemarker.FreeMarkerConfigurer - ClassTemplateLoader for Spring macros added to FreeMarker configuration
2015-11-21 16:01:43 INFO : org.springframework.beans.factory.config.PropertiesFactoryBean - Loading properties file from class path resource [freemarkerconfig/freemarkerstatic.properties]
2015-11-21 16:01:43 INFO : org.springframework.web.servlet.DispatcherServlet - FrameworkServlet 'spring-servlet': initialization completed in 2785 ms
2015-11-21 16:01:55 INFO : cn.chinajdt.bussiness.demo.controller.SysuserController - ==================hahaha~~ LOG SUCCESS!!!
2015-11-21 16:09:05 INFO : cn.chinajdt.bussiness.demo.controller.SysuserController - ==================hahaha~~ LOG SUCCESS!!!
2015-11-21 16:26:12 INFO : org.springframework.web.context.ContextLoader - Root WebApplicationContext: initialization started
2015-11-21 16:26:13 INFO : org.springframework.web.context.support.XmlWebApplicationContext - Refreshing Root WebApplicationContext: startup date [Sat Nov 21 16:26:13 CST 2015]; root of context hierarchy
2015-11-21 16:26:13 INFO : org.springframework.beans.factory.xml.XmlBeanDefinitionReader - Loading XML bean definitions from class path resource [spring-core-config.xml]
2015-11-21 16:26:13 INFO : org.springframework.beans.factory.xml.XmlBeanDefinitionReader - Loading XML bean definitions from class path resource [dbconfig/mybatis-spring-config.xml]
2015-11-21 16:26:13 INFO : org.springframework.beans.factory.config.PropertyPlaceholderConfigurer - Loading properties file from class path resource [dbconfig/dbconfig.properties]
2015-11-21 16:26:14 ERROR: com.alibaba.druid.pool.DruidAbstractDataSource - maxIdle is deprecated
2015-11-21 16:26:14 INFO : com.alibaba.druid.pool.DruidDataSource - {dataSource-1} inited
2015-11-21 16:26:14 INFO : org.springframework.context.support.PostProcessorRegistrationDelegate$BeanPostProcessorChecker - Bean 'dataSource' of type [class com.alibaba.druid.pool.DruidDataSource] is not eligible for getting processed by all BeanPostProcessors (for example: not eligible for auto-proxying)
2015-11-21 16:26:14 INFO : org.springframework.context.support.PostProcessorRegistrationDelegate$BeanPostProcessorChecker - Bean 'sqlSessionFactory' of type [class org.mybatis.spring.SqlSessionFactoryBean] is not eligible for getting processed by all BeanPostProcessors (for example: not eligible for auto-proxying)
2015-11-21 16:26:14 INFO : org.springframework.context.support.PostProcessorRegistrationDelegate$BeanPostProcessorChecker - Bean 'sqlSessionFactory' of type [class org.apache.ibatis.session.defaults.DefaultSqlSessionFactory] is not eligible for getting processed by all BeanPostProcessors (for example: not eligible for auto-proxying)
2015-11-21 16:26:14 INFO : org.springframework.context.support.PostProcessorRegistrationDelegate$BeanPostProcessorChecker - Bean 'sysUserMapper' of type [class org.mybatis.spring.mapper.MapperFactoryBean] is not eligible for getting processed by all BeanPostProcessors (for example: not eligible for auto-proxying)
2015-11-21 16:26:14 INFO : org.springframework.web.context.ContextLoader - Root WebApplicationContext: initialization completed in 2287 ms
2015-11-21 16:26:15 INFO : org.springframework.web.servlet.DispatcherServlet - FrameworkServlet 'spring-servlet': initialization started
2015-11-21 16:26:15 INFO : org.springframework.web.context.support.XmlWebApplicationContext - Refreshing WebApplicationContext for namespace 'spring-servlet-servlet': startup date [Sat Nov 21 16:26:15 CST 2015]; parent: Root WebApplicationContext
2015-11-21 16:26:15 INFO : org.springframework.beans.factory.xml.XmlBeanDefinitionReader - Loading XML bean definitions from class path resource [springconfig/spring-view.xml]
2015-11-21 16:26:15 INFO : org.springframework.beans.factory.xml.XmlBeanDefinitionReader - Loading XML bean definitions from class path resource [springconfig/spring-upload.xml]
2015-11-21 16:26:15 INFO : cn.chinajdt.sys.tasks.DemoSchedule - Demo Task runs successfully...congratulations,Jacky~
2015-11-21 16:26:16 INFO : org.springframework.web.servlet.mvc.method.annotation.RequestMappingHandlerMapping - Mapped "{[/demo/sysuser/index]}" onto public org.springframework.web.servlet.ModelAndView cn.chinajdt.bussiness.demo.controller.SysuserController.index(javax.servlet.http.HttpServletRequest) throws java.lang.Exception
2015-11-21 16:26:16 INFO : org.springframework.web.servlet.mvc.method.annotation.RequestMappingHandlerMapping - Mapped "{[/demo/sysuser/index2],methods=[POST]}" onto public java.lang.Object cn.chinajdt.bussiness.demo.controller.SysuserController.doindex() throws java.lang.Exception
2015-11-21 16:26:16 INFO : org.springframework.web.servlet.mvc.method.annotation.RequestMappingHandlerMapping - Mapped "{[/demo/sysuser/index3],methods=[POST]}" onto public java.lang.Object cn.chinajdt.bussiness.demo.controller.SysuserController.index3(javax.servlet.http.HttpServletRequest,java.lang.String) throws cn.chinajdt.sys.exception.BsnException
2015-11-21 16:26:17 INFO : org.springframework.web.servlet.mvc.method.annotation.RequestMappingHandlerAdapter - Looking for @ControllerAdvice: WebApplicationContext for namespace 'spring-servlet-servlet': startup date [Sat Nov 21 16:26:15 CST 2015]; parent: Root WebApplicationContext
2015-11-21 16:26:17 INFO : org.springframework.web.servlet.mvc.method.annotation.RequestMappingHandlerAdapter - Looking for @ControllerAdvice: WebApplicationContext for namespace 'spring-servlet-servlet': startup date [Sat Nov 21 16:26:15 CST 2015]; parent: Root WebApplicationContext
2015-11-21 16:26:17 INFO : org.springframework.web.servlet.handler.SimpleUrlHandlerMapping - Mapped URL path [/**] onto handler 'org.springframework.web.servlet.resource.DefaultServletHttpRequestHandler#0'
2015-11-21 16:26:17 INFO : org.springframework.web.servlet.handler.SimpleUrlHandlerMapping - Mapped URL path [/resources/css/] onto handler 'org.springframework.web.servlet.resource.ResourceHttpRequestHandler#0'
2015-11-21 16:26:17 INFO : org.springframework.web.servlet.handler.SimpleUrlHandlerMapping - Mapped URL path [/resources/js/] onto handler 'org.springframework.web.servlet.resource.ResourceHttpRequestHandler#1'
2015-11-21 16:26:17 INFO : org.springframework.web.servlet.mvc.method.annotation.RequestMappingHandlerMapping - Mapped "{[/demo/sysuser/index]}" onto public org.springframework.web.servlet.ModelAndView cn.chinajdt.bussiness.demo.controller.SysuserController.index(javax.servlet.http.HttpServletRequest) throws java.lang.Exception
2015-11-21 16:26:17 INFO : org.springframework.web.servlet.mvc.method.annotation.RequestMappingHandlerMapping - Mapped "{[/demo/sysuser/index2],methods=[POST]}" onto public java.lang.Object cn.chinajdt.bussiness.demo.controller.SysuserController.doindex() throws java.lang.Exception
2015-11-21 16:26:17 INFO : org.springframework.web.servlet.mvc.method.annotation.RequestMappingHandlerMapping - Mapped "{[/demo/sysuser/index3],methods=[POST]}" onto public java.lang.Object cn.chinajdt.bussiness.demo.controller.SysuserController.index3(javax.servlet.http.HttpServletRequest,java.lang.String) throws cn.chinajdt.sys.exception.BsnException
2015-11-21 16:26:17 INFO : org.springframework.web.servlet.mvc.method.annotation.RequestMappingHandlerAdapter - Looking for @ControllerAdvice: WebApplicationContext for namespace 'spring-servlet-servlet': startup date [Sat Nov 21 16:26:15 CST 2015]; parent: Root WebApplicationContext
2015-11-21 16:26:17 INFO : org.springframework.web.servlet.view.freemarker.FreeMarkerConfigurer - ClassTemplateLoader for Spring macros added to FreeMarker configuration
2015-11-21 16:26:17 INFO : org.springframework.beans.factory.config.PropertiesFactoryBean - Loading properties file from class path resource [freemarkerconfig/freemarkerstatic.properties]
2015-11-21 16:26:17 INFO : org.springframework.web.servlet.DispatcherServlet - FrameworkServlet 'spring-servlet': initialization completed in 2691 ms
2015-11-21 16:26:31 INFO : cn.chinajdt.bussiness.demo.controller.SysuserController - ==================hahaha~~ LOG SUCCESS!!!
2015-11-21 16:26:56 INFO : cn.chinajdt.bussiness.demo.controller.SysuserController - ==================hahaha~~ LOG SUCCESS!!!
2015-11-21 16:34:11 INFO : org.springframework.web.context.ContextLoader - Root WebApplicationContext: initialization started
2015-11-21 16:34:11 INFO : org.springframework.web.context.support.XmlWebApplicationContext - Refreshing Root WebApplicationContext: startup date [Sat Nov 21 16:34:11 CST 2015]; root of context hierarchy
2015-11-21 16:34:11 INFO : org.springframework.beans.factory.xml.XmlBeanDefinitionReader - Loading XML bean definitions from class path resource [spring-core-config.xml]
2015-11-21 16:34:11 INFO : org.springframework.beans.factory.xml.XmlBeanDefinitionReader - Loading XML bean definitions from class path resource [dbconfig/mybatis-spring-config.xml]
2015-11-21 16:34:12 INFO : org.springframework.beans.factory.config.PropertyPlaceholderConfigurer - Loading properties file from class path resource [dbconfig/dbconfig.properties]
2015-11-21 16:34:12 ERROR: com.alibaba.druid.pool.DruidAbstractDataSource - maxIdle is deprecated
2015-11-21 16:34:12 INFO : com.alibaba.druid.pool.DruidDataSource - {dataSource-1} inited
2015-11-21 16:34:12 INFO : org.springframework.context.support.PostProcessorRegistrationDelegate$BeanPostProcessorChecker - Bean 'dataSource' of type [class com.alibaba.druid.pool.DruidDataSource] is not eligible for getting processed by all BeanPostProcessors (for example: not eligible for auto-proxying)
2015-11-21 16:34:12 INFO : org.springframework.context.support.PostProcessorRegistrationDelegate$BeanPostProcessorChecker - Bean 'sqlSessionFactory' of type [class org.mybatis.spring.SqlSessionFactoryBean] is not eligible for getting processed by all BeanPostProcessors (for example: not eligible for auto-proxying)
2015-11-21 16:34:12 INFO : org.springframework.context.support.PostProcessorRegistrationDelegate$BeanPostProcessorChecker - Bean 'sqlSessionFactory' of type [class org.apache.ibatis.session.defaults.DefaultSqlSessionFactory] is not eligible for getting processed by all BeanPostProcessors (for example: not eligible for auto-proxying)
2015-11-21 16:34:13 INFO : org.springframework.context.support.PostProcessorRegistrationDelegate$BeanPostProcessorChecker - Bean 'sysUserMapper' of type [class org.mybatis.spring.mapper.MapperFactoryBean] is not eligible for getting processed by all BeanPostProcessors (for example: not eligible for auto-proxying)
2015-11-21 16:34:13 INFO : org.springframework.web.context.ContextLoader - Root WebApplicationContext: initialization completed in 1942 ms
2015-11-21 16:34:13 INFO : org.springframework.web.servlet.DispatcherServlet - FrameworkServlet 'spring-servlet': initialization started
2015-11-21 16:34:13 INFO : org.springframework.web.context.support.XmlWebApplicationContext - Refreshing WebApplicationContext for namespace 'spring-servlet-servlet': startup date [Sat Nov 21 16:34:13 CST 2015]; parent: Root WebApplicationContext
2015-11-21 16:34:13 INFO : org.springframework.beans.factory.xml.XmlBeanDefinitionReader - Loading XML bean definitions from class path resource [springconfig/spring-view.xml]
2015-11-21 16:34:13 INFO : org.springframework.beans.factory.xml.XmlBeanDefinitionReader - Loading XML bean definitions from class path resource [springconfig/spring-upload.xml]
2015-11-21 16:34:14 INFO : cn.chinajdt.sys.tasks.DemoSchedule - Demo Task runs successfully...congratulations,Jacky~
2015-11-21 16:34:14 INFO : org.springframework.web.servlet.mvc.method.annotation.RequestMappingHandlerMapping - Mapped "{[/demo/sysuser/index]}" onto public org.springframework.web.servlet.ModelAndView cn.chinajdt.bussiness.demo.controller.SysuserController.index(javax.servlet.http.HttpServletRequest) throws java.lang.Exception
2015-11-21 16:34:14 INFO : org.springframework.web.servlet.mvc.method.annotation.RequestMappingHandlerMapping - Mapped "{[/demo/sysuser/index3],methods=[POST]}" onto public java.lang.Object cn.chinajdt.bussiness.demo.controller.SysuserController.index3(javax.servlet.http.HttpServletRequest,java.lang.String) throws cn.chinajdt.sys.exception.BsnException
2015-11-21 16:34:14 INFO : org.springframework.web.servlet.mvc.method.annotation.RequestMappingHandlerMapping - Mapped "{[/demo/sysuser/index2],methods=[POST]}" onto public java.lang.Object cn.chinajdt.bussiness.demo.controller.SysuserController.doindex() throws java.lang.Exception
2015-11-21 16:34:15 INFO : org.springframework.web.servlet.mvc.method.annotation.RequestMappingHandlerAdapter - Looking for @ControllerAdvice: WebApplicationContext for namespace 'spring-servlet-servlet': startup date [Sat Nov 21 16:34:13 CST 2015]; parent: Root WebApplicationContext
2015-11-21 16:34:15 INFO : org.springframework.web.servlet.mvc.method.annotation.RequestMappingHandlerAdapter - Looking for @ControllerAdvice: WebApplicationContext for namespace 'spring-servlet-servlet': startup date [Sat Nov 21 16:34:13 CST 2015]; parent: Root WebApplicationContext
2015-11-21 16:34:15 INFO : org.springframework.web.servlet.handler.SimpleUrlHandlerMapping - Mapped URL path [/**] onto handler 'org.springframework.web.servlet.resource.DefaultServletHttpRequestHandler#0'
2015-11-21 16:34:15 INFO : org.springframework.web.servlet.handler.SimpleUrlHandlerMapping - Mapped URL path [/resources/css/] onto handler 'org.springframework.web.servlet.resource.ResourceHttpRequestHandler#0'
2015-11-21 16:34:15 INFO : org.springframework.web.servlet.handler.SimpleUrlHandlerMapping - Mapped URL path [/resources/js/] onto handler 'org.springframework.web.servlet.resource.ResourceHttpRequestHandler#1'
2015-11-21 16:34:15 INFO : org.springframework.web.servlet.mvc.method.annotation.RequestMappingHandlerMapping - Mapped "{[/demo/sysuser/index]}" onto public org.springframework.web.servlet.ModelAndView cn.chinajdt.bussiness.demo.controller.SysuserController.index(javax.servlet.http.HttpServletRequest) throws java.lang.Exception
2015-11-21 16:34:15 INFO : org.springframework.web.servlet.mvc.method.annotation.RequestMappingHandlerMapping - Mapped "{[/demo/sysuser/index3],methods=[POST]}" onto public java.lang.Object cn.chinajdt.bussiness.demo.controller.SysuserController.index3(javax.servlet.http.HttpServletRequest,java.lang.String) throws cn.chinajdt.sys.exception.BsnException
2015-11-21 16:34:15 INFO : org.springframework.web.servlet.mvc.method.annotation.RequestMappingHandlerMapping - Mapped "{[/demo/sysuser/index2],methods=[POST]}" onto public java.lang.Object cn.chinajdt.bussiness.demo.controller.SysuserController.doindex() throws java.lang.Exception
2015-11-21 16:34:15 INFO : org.springframework.web.servlet.mvc.method.annotation.RequestMappingHandlerAdapter - Looking for @ControllerAdvice: WebApplicationContext for namespace 'spring-servlet-servlet': startup date [Sat Nov 21 16:34:13 CST 2015]; parent: Root WebApplicationContext
2015-11-21 16:34:15 INFO : org.springframework.web.servlet.view.freemarker.FreeMarkerConfigurer - ClassTemplateLoader for Spring macros added to FreeMarker configuration
2015-11-21 16:34:15 INFO : org.springframework.beans.factory.config.PropertiesFactoryBean - Loading properties file from class path resource [freemarkerconfig/freemarkerstatic.properties]
2015-11-21 16:34:16 INFO : org.springframework.web.servlet.DispatcherServlet - FrameworkServlet 'spring-servlet': initialization completed in 2512 ms
2015-11-21 16:34:26 INFO : cn.chinajdt.bussiness.demo.controller.SysuserController - ==================hahaha~~ LOG SUCCESS!!!
2015-11-21 16:45:41 INFO : org.springframework.web.context.ContextLoader - Root WebApplicationContext: initialization started
2015-11-21 16:45:41 INFO : org.springframework.web.context.support.XmlWebApplicationContext - Refreshing Root WebApplicationContext: startup date [Sat Nov 21 16:45:41 CST 2015]; root of context hierarchy
2015-11-21 16:45:41 INFO : org.springframework.beans.factory.xml.XmlBeanDefinitionReader - Loading XML bean definitions from class path resource [spring-core-config.xml]
2015-11-21 16:45:42 INFO : org.springframework.beans.factory.xml.XmlBeanDefinitionReader - Loading XML bean definitions from class path resource [dbconfig/mybatis-spring-config.xml]
2015-11-21 16:45:42 INFO : org.springframework.beans.factory.config.PropertyPlaceholderConfigurer - Loading properties file from class path resource [dbconfig/dbconfig.properties]
2015-11-21 16:45:42 ERROR: com.alibaba.druid.pool.DruidAbstractDataSource - maxIdle is deprecated
2015-11-21 16:45:42 INFO : com.alibaba.druid.pool.DruidDataSource - {dataSource-1} inited
2015-11-21 16:45:42 INFO : org.springframework.context.support.PostProcessorRegistrationDelegate$BeanPostProcessorChecker - Bean 'dataSource' of type [class com.alibaba.druid.pool.DruidDataSource] is not eligible for getting processed by all BeanPostProcessors (for example: not eligible for auto-proxying)
2015-11-21 16:45:42 INFO : org.springframework.context.support.PostProcessorRegistrationDelegate$BeanPostProcessorChecker - Bean 'sqlSessionFactory' of type [class org.mybatis.spring.SqlSessionFactoryBean] is not eligible for getting processed by all BeanPostProcessors (for example: not eligible for auto-proxying)
2015-11-21 16:45:42 INFO : org.springframework.context.support.PostProcessorRegistrationDelegate$BeanPostProcessorChecker - Bean 'sqlSessionFactory' of type [class org.apache.ibatis.session.defaults.DefaultSqlSessionFactory] is not eligible for getting processed by all BeanPostProcessors (for example: not eligible for auto-proxying)
2015-11-21 16:45:42 INFO : org.springframework.context.support.PostProcessorRegistrationDelegate$BeanPostProcessorChecker - Bean 'sysUserMapper' of type [class org.mybatis.spring.mapper.MapperFactoryBean] is not eligible for getting processed by all BeanPostProcessors (for example: not eligible for auto-proxying)
2015-11-21 16:45:43 INFO : org.springframework.web.context.ContextLoader - Root WebApplicationContext: initialization completed in 2131 ms
2015-11-21 16:45:44 INFO : org.springframework.web.servlet.DispatcherServlet - FrameworkServlet 'spring-servlet': initialization started
2015-11-21 16:45:44 INFO : org.springframework.web.context.support.XmlWebApplicationContext - Refreshing WebApplicationContext for namespace 'spring-servlet-servlet': startup date [Sat Nov 21 16:45:44 CST 2015]; parent: Root WebApplicationContext
2015-11-21 16:45:44 INFO : org.springframework.beans.factory.xml.XmlBeanDefinitionReader - Loading XML bean definitions from class path resource [springconfig/spring-view.xml]
2015-11-21 16:45:44 INFO : org.springframework.beans.factory.xml.XmlBeanDefinitionReader - Loading XML bean definitions from class path resource [springconfig/spring-upload.xml]
2015-11-21 16:45:44 INFO : cn.chinajdt.sys.tasks.DemoSchedule - Demo Task runs successfully...congratulations,Jacky~
2015-11-21 16:45:44 INFO : org.springframework.web.servlet.mvc.method.annotation.RequestMappingHandlerMapping - Mapped "{[/demo/sysuser/index]}" onto public org.springframework.web.servlet.ModelAndView cn.chinajdt.bussiness.demo.controller.SysuserController.index(javax.servlet.http.HttpServletRequest) throws java.lang.Exception
2015-11-21 16:45:44 INFO : org.springframework.web.servlet.mvc.method.annotation.RequestMappingHandlerMapping - Mapped "{[/demo/sysuser/download]}" onto public org.springframework.http.ResponseEntity<byte[]> cn.chinajdt.bussiness.demo.controller.SysuserController.download(javax.servlet.http.HttpServletRequest) throws java.io.IOException
2015-11-21 16:45:44 INFO : org.springframework.web.servlet.mvc.method.annotation.RequestMappingHandlerMapping - Mapped "{[/demo/sysuser/index3],methods=[POST]}" onto public java.lang.Object cn.chinajdt.bussiness.demo.controller.SysuserController.index3(javax.servlet.http.HttpServletRequest,java.lang.String) throws cn.chinajdt.sys.exception.BsnException
2015-11-21 16:45:44 INFO : org.springframework.web.servlet.mvc.method.annotation.RequestMappingHandlerMapping - Mapped "{[/demo/sysuser/index2],methods=[POST]}" onto public java.lang.Object cn.chinajdt.bussiness.demo.controller.SysuserController.doindex() throws java.lang.Exception
2015-11-21 16:45:45 INFO : org.springframework.web.servlet.mvc.method.annotation.RequestMappingHandlerAdapter - Looking for @ControllerAdvice: WebApplicationContext for namespace 'spring-servlet-servlet': startup date [Sat Nov 21 16:45:44 CST 2015]; parent: Root WebApplicationContext
2015-11-21 16:45:46 INFO : org.springframework.web.servlet.mvc.method.annotation.RequestMappingHandlerAdapter - Looking for @ControllerAdvice: WebApplicationContext for namespace 'spring-servlet-servlet': startup date [Sat Nov 21 16:45:44 CST 2015]; parent: Root WebApplicationContext
2015-11-21 16:45:46 INFO : org.springframework.web.servlet.handler.SimpleUrlHandlerMapping - Mapped URL path [/**] onto handler 'org.springframework.web.servlet.resource.DefaultServletHttpRequestHandler#0'
2015-11-21 16:45:46 INFO : org.springframework.web.servlet.handler.SimpleUrlHandlerMapping - Mapped URL path [/resources/css/] onto handler 'org.springframework.web.servlet.resource.ResourceHttpRequestHandler#0'
2015-11-21 16:45:46 INFO : org.springframework.web.servlet.handler.SimpleUrlHandlerMapping - Mapped URL path [/resources/js/] onto handler 'org.springframework.web.servlet.resource.ResourceHttpRequestHandler#1'
2015-11-21 16:45:46 INFO : org.springframework.web.servlet.mvc.method.annotation.RequestMappingHandlerMapping - Mapped "{[/demo/sysuser/index]}" onto public org.springframework.web.servlet.ModelAndView cn.chinajdt.bussiness.demo.controller.SysuserController.index(javax.servlet.http.HttpServletRequest) throws java.lang.Exception
2015-11-21 16:45:46 INFO : org.springframework.web.servlet.mvc.method.annotation.RequestMappingHandlerMapping - Mapped "{[/demo/sysuser/download]}" onto public org.springframework.http.ResponseEntity<byte[]> cn.chinajdt.bussiness.demo.controller.SysuserController.download(javax.servlet.http.HttpServletRequest) throws java.io.IOException
2015-11-21 16:45:46 INFO : org.springframework.web.servlet.mvc.method.annotation.RequestMappingHandlerMapping - Mapped "{[/demo/sysuser/index3],methods=[POST]}" onto public java.lang.Object cn.chinajdt.bussiness.demo.controller.SysuserController.index3(javax.servlet.http.HttpServletRequest,java.lang.String) throws cn.chinajdt.sys.exception.BsnException
2015-11-21 16:45:46 INFO : org.springframework.web.servlet.mvc.method.annotation.RequestMappingHandlerMapping - Mapped "{[/demo/sysuser/index2],methods=[POST]}" onto public java.lang.Object cn.chinajdt.bussiness.demo.controller.SysuserController.doindex() throws java.lang.Exception
2015-11-21 16:45:46 INFO : org.springframework.web.servlet.mvc.method.annotation.RequestMappingHandlerAdapter - Looking for @ControllerAdvice: WebApplicationContext for namespace 'spring-servlet-servlet': startup date [Sat Nov 21 16:45:44 CST 2015]; parent: Root WebApplicationContext
2015-11-21 16:45:46 INFO : org.springframework.web.servlet.view.freemarker.FreeMarkerConfigurer - ClassTemplateLoader for Spring macros added to FreeMarker configuration
2015-11-21 16:45:46 INFO : org.springframework.beans.factory.config.PropertiesFactoryBean - Loading properties file from class path resource [freemarkerconfig/freemarkerstatic.properties]
2015-11-21 16:45:46 INFO : org.springframework.web.servlet.DispatcherServlet - FrameworkServlet 'spring-servlet': initialization completed in 2719 ms
2015-11-21 16:46:00 INFO : cn.chinajdt.bussiness.demo.controller.SysuserController - ==================hahaha~~ LOG SUCCESS!!!
2015-11-21 16:48:19 INFO : cn.chinajdt.bussiness.demo.controller.SysuserController - ==================hahaha~~ LOG SUCCESS!!!
2015-11-21 16:48:58 INFO : cn.chinajdt.bussiness.demo.controller.SysuserController - ==================hahaha~~ LOG SUCCESS!!!
2015-11-21 16:51:54 INFO : cn.chinajdt.bussiness.demo.controller.SysuserController - ==================hahaha~~ LOG SUCCESS!!!
2015-11-21 16:52:37 INFO : cn.chinajdt.bussiness.demo.controller.SysuserController - ==================hahaha~~ LOG SUCCESS!!!
2015-11-21 17:06:29 INFO : org.springframework.web.context.ContextLoader - Root WebApplicationContext: initialization started
2015-11-21 17:06:29 INFO : org.springframework.web.context.support.XmlWebApplicationContext - Refreshing Root WebApplicationContext: startup date [Sat Nov 21 17:06:29 CST 2015]; root of context hierarchy
2015-11-21 17:06:29 INFO : org.springframework.beans.factory.xml.XmlBeanDefinitionReader - Loading XML bean definitions from class path resource [spring-core-config.xml]
2015-11-21 17:06:29 INFO : org.springframework.beans.factory.xml.XmlBeanDefinitionReader - Loading XML bean definitions from class path resource [dbconfig/mybatis-spring-config.xml]
2015-11-21 17:06:30 INFO : org.springframework.beans.factory.config.PropertyPlaceholderConfigurer - Loading properties file from class path resource [dbconfig/dbconfig.properties]
2015-11-21 17:06:30 ERROR: com.alibaba.druid.pool.DruidAbstractDataSource - maxIdle is deprecated
2015-11-21 17:06:30 INFO : com.alibaba.druid.pool.DruidDataSource - {dataSource-1} inited
2015-11-21 17:06:30 INFO : org.springframework.context.support.PostProcessorRegistrationDelegate$BeanPostProcessorChecker - Bean 'dataSource' of type [class com.alibaba.druid.pool.DruidDataSource] is not eligible for getting processed by all BeanPostProcessors (for example: not eligible for auto-proxying)
2015-11-21 17:06:30 INFO : org.springframework.context.support.PostProcessorRegistrationDelegate$BeanPostProcessorChecker - Bean 'sqlSessionFactory' of type [class org.mybatis.spring.SqlSessionFactoryBean] is not eligible for getting processed by all BeanPostProcessors (for example: not eligible for auto-proxying)
2015-11-21 17:06:30 INFO : org.springframework.context.support.PostProcessorRegistrationDelegate$BeanPostProcessorChecker - Bean 'sqlSessionFactory' of type [class org.apache.ibatis.session.defaults.DefaultSqlSessionFactory] is not eligible for getting processed by all BeanPostProcessors (for example: not eligible for auto-proxying)
2015-11-21 17:06:30 INFO : org.springframework.context.support.PostProcessorRegistrationDelegate$BeanPostProcessorChecker - Bean 'sysUserMapper' of type [class org.mybatis.spring.mapper.MapperFactoryBean] is not eligible for getting processed by all BeanPostProcessors (for example: not eligible for auto-proxying)
2015-11-21 17:06:31 INFO : org.springframework.web.context.ContextLoader - Root WebApplicationContext: initialization completed in 1697 ms
2015-11-21 17:06:31 INFO : org.springframework.web.servlet.DispatcherServlet - FrameworkServlet 'spring-servlet': initialization started
2015-11-21 17:06:31 INFO : org.springframework.web.context.support.XmlWebApplicationContext - Refreshing WebApplicationContext for namespace 'spring-servlet-servlet': startup date [Sat Nov 21 17:06:31 CST 2015]; parent: Root WebApplicationContext
2015-11-21 17:06:31 INFO : org.springframework.beans.factory.xml.XmlBeanDefinitionReader - Loading XML bean definitions from class path resource [springconfig/spring-view.xml]
2015-11-21 17:06:31 INFO : org.springframework.beans.factory.xml.XmlBeanDefinitionReader - Loading XML bean definitions from class path resource [springconfig/spring-upload.xml]
2015-11-21 17:06:31 INFO : cn.chinajdt.sys.tasks.DemoSchedule - Demo Task runs successfully...congratulations,Jacky~
2015-11-21 17:06:32 INFO : org.springframework.web.servlet.mvc.method.annotation.RequestMappingHandlerMapping - Mapped "{[/demo/sysuser/index]}" onto public org.springframework.web.servlet.ModelAndView cn.chinajdt.bussiness.demo.controller.SysuserController.index(javax.servlet.http.HttpServletRequest) throws java.lang.Exception
2015-11-21 17:06:32 INFO : org.springframework.web.servlet.mvc.method.annotation.RequestMappingHandlerMapping - Mapped "{[/demo/sysuser/download]}" onto public org.springframework.http.ResponseEntity<byte[]> cn.chinajdt.bussiness.demo.controller.SysuserController.download(javax.servlet.http.HttpServletRequest) throws cn.chinajdt.sys.exception.BsnException
2015-11-21 17:06:32 INFO : org.springframework.web.servlet.mvc.method.annotation.RequestMappingHandlerMapping - Mapped "{[/demo/sysuser/index3],methods=[POST]}" onto public java.lang.Object cn.chinajdt.bussiness.demo.controller.SysuserController.index3(javax.servlet.http.HttpServletRequest,java.lang.String) throws cn.chinajdt.sys.exception.BsnException
2015-11-21 17:06:32 INFO : org.springframework.web.servlet.mvc.method.annotation.RequestMappingHandlerMapping - Mapped "{[/demo/sysuser/index2],methods=[POST]}" onto public java.lang.Object cn.chinajdt.bussiness.demo.controller.SysuserController.doindex() throws java.lang.Exception
2015-11-21 17:06:32 INFO : org.springframework.web.servlet.mvc.method.annotation.RequestMappingHandlerAdapter - Looking for @ControllerAdvice: WebApplicationContext for namespace 'spring-servlet-servlet': startup date [Sat Nov 21 17:06:31 CST 2015]; parent: Root WebApplicationContext
2015-11-21 17:06:33 INFO : org.springframework.web.servlet.mvc.method.annotation.RequestMappingHandlerAdapter - Looking for @ControllerAdvice: WebApplicationContext for namespace 'spring-servlet-servlet': startup date [Sat Nov 21 17:06:31 CST 2015]; parent: Root WebApplicationContext
2015-11-21 17:06:33 INFO : org.springframework.web.servlet.handler.SimpleUrlHandlerMapping - Mapped URL path [/**] onto handler 'org.springframework.web.servlet.resource.DefaultServletHttpRequestHandler#0'
2015-11-21 17:06:33 INFO : org.springframework.web.servlet.handler.SimpleUrlHandlerMapping - Mapped URL path [/resources/css/] onto handler 'org.springframework.web.servlet.resource.ResourceHttpRequestHandler#0'
2015-11-21 17:06:33 INFO : org.springframework.web.servlet.handler.SimpleUrlHandlerMapping - Mapped URL path [/resources/js/] onto handler 'org.springframework.web.servlet.resource.ResourceHttpRequestHandler#1'
2015-11-21 17:06:33 INFO : org.springframework.web.servlet.mvc.method.annotation.RequestMappingHandlerMapping - Mapped "{[/demo/sysuser/index]}" onto public org.springframework.web.servlet.ModelAndView cn.chinajdt.bussiness.demo.controller.SysuserController.index(javax.servlet.http.HttpServletRequest) throws java.lang.Exception
2015-11-21 17:06:33 INFO : org.springframework.web.servlet.mvc.method.annotation.RequestMappingHandlerMapping - Mapped "{[/demo/sysuser/download]}" onto public org.springframework.http.ResponseEntity<byte[]> cn.chinajdt.bussiness.demo.controller.SysuserController.download(javax.servlet.http.HttpServletRequest) throws cn.chinajdt.sys.exception.BsnException
2015-11-21 17:06:33 INFO : org.springframework.web.servlet.mvc.method.annotation.RequestMappingHandlerMapping - Mapped "{[/demo/sysuser/index3],methods=[POST]}" onto public java.lang.Object cn.chinajdt.bussiness.demo.controller.SysuserController.index3(javax.servlet.http.HttpServletRequest,java.lang.String) throws cn.chinajdt.sys.exception.BsnException
2015-11-21 17:06:33 INFO : org.springframework.web.servlet.mvc.method.annotation.RequestMappingHandlerMapping - Mapped "{[/demo/sysuser/index2],methods=[POST]}" onto public java.lang.Object cn.chinajdt.bussiness.demo.controller.SysuserController.doindex() throws java.lang.Exception
2015-11-21 17:06:33 INFO : org.springframework.web.servlet.mvc.method.annotation.RequestMappingHandlerAdapter - Looking for @ControllerAdvice: WebApplicationContext for namespace 'spring-servlet-servlet': startup date [Sat Nov 21 17:06:31 CST 2015]; parent: Root WebApplicationContext
2015-11-21 17:06:33 INFO : org.springframework.web.servlet.view.freemarker.FreeMarkerConfigurer - ClassTemplateLoader for Spring macros added to FreeMarker configuration
2015-11-21 17:06:33 INFO : org.springframework.beans.factory.config.PropertiesFactoryBean - Loading properties file from class path resource [freemarkerconfig/freemarkerstatic.properties]
2015-11-21 17:06:33 INFO : org.springframework.web.servlet.DispatcherServlet - FrameworkServlet 'spring-servlet': initialization completed in 2432 ms
2015-11-21 17:06:52 INFO : cn.chinajdt.bussiness.demo.controller.SysuserController - ==================hahaha~~ LOG SUCCESS!!!
2015-11-21 17:07:02 INFO : cn.chinajdt.bussiness.demo.controller.SysuserController - ==================hahaha~~ LOG SUCCESS!!!
2015-11-21 17:09:40 INFO : cn.chinajdt.bussiness.demo.controller.SysuserController - ==================hahaha~~ LOG SUCCESS!!!
2015-11-21 17:10:03 INFO : cn.chinajdt.bussiness.demo.controller.SysuserController - ==================hahaha~~ LOG SUCCESS!!!
